Gramática

    0 $accept: codigopostal $end

    1 codigopostal: NUMERO


Terminales con las reglas donde aparecen

$end (0) 0
error (256)
NUMERO (258) 1


No terminales con las reglas donde aparecen

$accept (4)
    en la izquierda: 0
codigopostal (5)
    en la izquierda: 1, en la derecha: 0


estado 0

    0 $accept: . codigopostal $end

    NUMERO  desplazar e ir al estado 1

    codigopostal  ir al estado 2


estado 1

    1 codigopostal: NUMERO .

    $default  reduce usando la regla 1 (codigopostal)


estado 2

    0 $accept: codigopostal . $end

    $end  desplazar e ir al estado 3


estado 3

    0 $accept: codigopostal $end .

    $default  aceptar
